<?xml version="1.0" encoding="UTF-8"?>
<testsuite xmlns:xsi="http://www.w3.org/2001/XMLSchema-instance" xsi:noNamespaceSchemaLocation="https://maven.apache.org/surefire/maven-surefire-plugin/xsd/surefire-test-report-3.0.xsd" version="3.0" name="in.InternshipStudio.AppTest" time="0.016" tests="1" errors="0" skipped="0" failures="0">
  <properties>
    <property name="java.specification.version" value="16"/>
    <property name="sun.cpu.isalist" value="amd64"/>
    <property name="sun.jnu.encoding" value="Cp1252"/>
    <property name="java.class.path" value="C:\Devops\Internship Studio\01-Maven-SA-App\target\test-classes;C:\Devops\Internship Studio\01-Maven-SA-App\target\classes;C:\Users\Rohit\.m2\repository\junit\junit\3.8.1\junit-3.8.1.jar;C:\Users\Rohit\.m2\repository\org\springframework\spring-context\6.1.7\spring-context-6.1.7.jar;C:\Users\Rohit\.m2\repository\org\springframework\spring-aop\6.1.7\spring-aop-6.1.7.jar;C:\Users\Rohit\.m2\repository\org\springframework\spring-beans\6.1.7\spring-beans-6.1.7.jar;C:\Users\Rohit\.m2\repository\org\springframework\spring-core\6.1.7\spring-core-6.1.7.jar;C:\Users\Rohit\.m2\repository\org\springframework\spring-jcl\6.1.7\spring-jcl-6.1.7.jar;C:\Users\Rohit\.m2\repository\org\springframework\spring-expression\6.1.7\spring-expression-6.1.7.jar;C:\Users\Rohit\.m2\repository\io\micrometer\micrometer-observation\1.12.6\micrometer-observation-1.12.6.jar;C:\Users\Rohit\.m2\repository\io\micrometer\micrometer-commons\1.12.6\micrometer-commons-1.12.6.jar;"/>
    <property name="java.vm.vendor" value="Oracle Corporation"/>
    <property name="sun.arch.data.model" value="64"/>
    <property name="user.variant" value=""/>
    <property name="java.vendor.url" value="https://java.oracle.com/"/>
    <property name="user.timezone" value="Asia/Calcutta"/>
    <property name="os.name" value="Windows 10"/>
    <property name="java.vm.specification.version" value="16"/>
    <property name="sun.java.launcher" value="SUN_STANDARD"/>
    <property name="user.country" value="IN"/>
    <property name="sun.boot.library.path" value="C:\Program Files\Java\jdk-16.0.1\bin"/>
    <property name="sun.java.command" value="C:\Users\Rohit\AppData\Local\Temp\surefire18433545130639185389\surefirebooter-20240523165940305_3.jar C:\Users\Rohit\AppData\Local\Temp\surefire18433545130639185389 2024-05-23T16-59-40_058-jvmRun1 surefire-20240523165940305_1tmp surefire_0-20240523165940305_2tmp"/>
    <property name="jdk.debug" value="release"/>
    <property name="surefire.test.class.path" value="C:\Devops\Internship Studio\01-Maven-SA-App\target\test-classes;C:\Devops\Internship Studio\01-Maven-SA-App\target\classes;C:\Users\Rohit\.m2\repository\junit\junit\3.8.1\junit-3.8.1.jar;C:\Users\Rohit\.m2\repository\org\springframework\spring-context\6.1.7\spring-context-6.1.7.jar;C:\Users\Rohit\.m2\repository\org\springframework\spring-aop\6.1.7\spring-aop-6.1.7.jar;C:\Users\Rohit\.m2\repository\org\springframework\spring-beans\6.1.7\spring-beans-6.1.7.jar;C:\Users\Rohit\.m2\repository\org\springframework\spring-core\6.1.7\spring-core-6.1.7.jar;C:\Users\Rohit\.m2\repository\org\springframework\spring-jcl\6.1.7\spring-jcl-6.1.7.jar;C:\Users\Rohit\.m2\repository\org\springframework\spring-expression\6.1.7\spring-expression-6.1.7.jar;C:\Users\Rohit\.m2\repository\io\micrometer\micrometer-observation\1.12.6\micrometer-observation-1.12.6.jar;C:\Users\Rohit\.m2\repository\io\micrometer\micrometer-commons\1.12.6\micrometer-commons-1.12.6.jar;"/>
    <property name="sun.cpu.endian" value="little"/>
    <property name="user.home" value="C:\Users\Rohit"/>
    <property name="user.language" value="en"/>
    <property name="java.specification.vendor" value="Oracle Corporation"/>
    <property name="java.version.date" value="2021-04-20"/>
    <property name="java.home" value="C:\Program Files\Java\jdk-16.0.1"/>
    <property name="file.separator" value="\"/>
    <property name="basedir" value="C:\Devops\Internship Studio\01-Maven-SA-App"/>
    <property name="java.vm.compressedOopsMode" value="32-bit"/>
    <property name="line.separator" value="&#10;"/>
    <property name="java.vm.specification.vendor" value="Oracle Corporation"/>
    <property name="java.specification.name" value="Java Platform API Specification"/>
    <property name="surefire.real.class.path" value="C:\Users\Rohit\AppData\Local\Temp\surefire18433545130639185389\surefirebooter-20240523165940305_3.jar"/>
    <property name="user.script" value=""/>
    <property name="sun.management.compiler" value="HotSpot 64-Bit Tiered Compilers"/>
    <property name="java.runtime.version" value="16.0.1+9-24"/>
    <property name="user.name" value="Rohit"/>
    <property name="path.separator" value=";"/>
    <property name="os.version" value="10.0"/>
    <property name="java.runtime.name" value="Java(TM) SE Runtime Environment"/>
    <property name="file.encoding" value="Cp1252"/>
    <property name="java.vm.name" value="Java HotSpot(TM) 64-Bit Server VM"/>
    <property name="localRepository" value="C:\Users\Rohit\.m2\repository"/>
    <property name="java.vendor.url.bug" value="https://bugreport.java.com/bugreport/"/>
    <property name="java.io.tmpdir" value="C:\Users\Rohit\AppData\Local\Temp\"/>
    <property name="java.version" value="16.0.1"/>
    <property name="user.dir" value="C:\Devops\Internship Studio\01-Maven-SA-App"/>
    <property name="os.arch" value="amd64"/>
    <property name="java.vm.specification.name" value="Java Virtual Machine Specification"/>
    <property name="sun.os.patch.level" value=""/>
    <property name="java.library.path" value="C:\Program Files\Java\jdk-16.0.1\bin;C:\WINDOWS\Sun\Java\bin;C:\WINDOWS\system32;C:\WINDOWS;C:\Python312\Scripts\;C:\Python312\;C:\Program Files\Common Files\Oracle\Java\javapath;C:\WINDOWS\system32;C:\WINDOWS;C:\WINDOWS\System32\Wbem;C:\WINDOWS\System32\WindowsPowerShell\v1.0\;C:\WINDOWS\System32\OpenSSH\;C:\Program Files\Java\jdk-16.0.1\bin;C:\Program Files\dotnet\;C:\ProgramData\chocolatey\bin;C:\Program Files\nodejs\;C:\apache-maven-3.9.6-bin\apache-maven-3.9.6\bin;C:\Program Files\Git\cmd;C:\Users\Rohit\AppData\Local\Programs\Python\Python38\Scripts\;C:\Users\Rohit\AppData\Local\Programs\Python\Python38\;C:\Users\Rohit\AppData\Local\Microsoft\WindowsApps;C:\Users\Rohit\AppData\Local\Programs\Microsoft VS Code\bin;C:\Users\Rohit\AppData\Local\GitHubDesktop\bin;C:\Users\Rohit\AppData\Roaming\npm;."/>
    <property name="java.vm.info" value="mixed mode, sharing"/>
    <property name="java.vendor" value="Oracle Corporation"/>
    <property name="java.vm.version" value="16.0.1+9-24"/>
    <property name="sun.io.unicode.encoding" value="UnicodeLittle"/>
    <property name="java.class.version" value="60.0"/>
  </properties>
  <testcase name="testApp" classname="in.InternshipStudio.AppTest" time="0.0"/>
</testsuite>